** Message: 13:16:18.585: environement.vala:58: Exporting primary_variable
** Message: 13:16:18.585: environement.vala:59: desktop_environnement XDG_CURRENT_DESKTOP
** Message: 13:16:18.585: environement.vala:150: confir_dirs is null, export : /etc/xdg
** Message: 13:16:18.585: environement.vala:184: Exporting XDG_CONFIG_DIRS
** Message: 13:16:18.585: environement.vala:218: custom_data :
** Message: 13:16:18.585: environement.vala:219: data_dirs :/usr/local/share:/usr/share/raspi-ui-overrides:/usr/share:/usr/share/gdm:/var/lib/menu-xdg
** Message: 13:16:18.585: environement.vala:220: data_dirs not null, export : /usr/local/share:/usr/share/raspi-ui-overrides:/usr/share:/usr/share/gdm:/var/lib/menu-xdg
** Message: 13:16:18.586: environement.vala:225: Exporting XDG_DATA_DIRS
** Message: 13:16:18.586: utils.vala:138: Config system location : /etc/xdg/lxsession/LXDE-pi
** Message: 13:16:18.591: utils.vala:144: System system path location : /etc/xdg/lxsession/LXDE-pi/desktop.conf
** Message: 13:16:18.592: utils.vala:148: Final file used : /etc/xdg/lxsession/LXDE-pi/desktop.conf
** Message: 13:16:18.592: utils.vala:39: Config system location : /etc/xdg/lxsession/LXDE-pi
** Message: 13:16:18.592: utils.vala:45: System system path location : /etc/xdg/lxsession/LXDE-pi/desktop.conf

** (lxsession:629): WARNING **: 13:16:18.596: utils.vala:70: No such file or directory
** Message: 13:16:18.596: settings.vala:540: Key file does not have key “iGtk/ColorScheme” in group “GTK”
** Message: 13:16:18.596: settings.vala:540: Key file does not have key “windows_manager/command” in group “Session”
** Message: 13:16:18.596: settings.vala:540: Key file does not have key “panel/command” in group “Session”
** Message: 13:16:18.596: settings.vala:540: Key file does not have key “dock/command” in group “Session”
** Message: 13:16:18.596: settings.vala:540: Key file does not have key “file_manager/command” in group “Session”
** Message: 13:16:18.596: settings.vala:540: Key file does not have key “desktop_manager/command” in group “Session”
** Message: 13:16:18.597: settings.vala:540: Key file does not have key “launcher_manager/autostart” in group “Session”
** Message: 13:16:18.597: settings.vala:540: Key file does not have key “composite_manager/command” in group “Session”
** Message: 13:16:18.597: settings.vala:540: Key file does not have key “im1/command” in group “Session”
** Message: 13:16:18.597: settings.vala:540: Key file does not have key “im2/command” in group “Session”
** Message: 13:16:18.597: settings.vala:540: Key file does not have key “widget1/command” in group “Session”
** Message: 13:16:18.597: settings.vala:540: Key file does not have key “notification/command” in group “Session”
** Message: 13:16:18.597: settings.vala:540: Key file does not have key “keybindings/command” in group “Session”
** Message: 13:16:18.597: settings.vala:540: Key file does not have key “im_manager/command” in group “Session”
** Message: 13:16:18.598: settings.vala:540: Key file does not have key “screensaver/command” in group “Session”
** Message: 13:16:18.598: settings.vala:540: Key file does not have key “power_manager/command” in group “Session”
** Message: 13:16:18.598: settings.vala:540: Key file does not have key “audio_manager/command” in group “Session”
** Message: 13:16:18.598: settings.vala:540: Key file does not have key “workspace_manager/command” in group “Session”
** Message: 13:16:18.598: settings.vala:540: Key file does not have key “screenshot_manager/command” in group “Session”
** Message: 13:16:18.598: settings.vala:540: Key file does not have key “message_manager/command” in group “Session”
** Message: 13:16:18.599: settings.vala:540: Key file does not have key “upgrade_manager/command” in group “Session”
** Message: 13:16:18.599: settings.vala:540: Key file does not have key “updates_manager/command” in group “Session”
** Message: 13:16:18.599: settings.vala:540: Key file does not have key “updates_manager/timeout” in group “Session”
** Message: 13:16:18.599: settings.vala:540: Key file does not have key “crash_manager/command” in group “Session”
** Message: 13:16:18.599: settings.vala:540: Key file does not have key “crash_manager/dev_mode” in group “Session”
** Message: 13:16:18.599: settings.vala:540: Key file does not have key “crash_manager/timeout” in group “Session”
** Message: 13:16:18.600: settings.vala:540: Key file does not have key “upstart_user_session” in group “Session”
** Message: 13:16:18.600: settings.vala:540: Key file does not have key “proxy_manager/http” in group “Session”
** Message: 13:16:18.600: settings.vala:540: Key file does not have key “a11y/command” in group “Session”
** Message: 13:16:18.600: settings.vala:540: Key file does not have key “xrandr/command” in group “Session”
** Message: 13:16:18.600: settings.vala:540: Key file does not have key “network_gui/command” in group “Session”
** Message: 13:16:18.600: settings.vala:540: Key file does not have key “webbrowser/command” in group “Session”
** Message: 13:16:18.600: settings.vala:540: Key file does not have key “email/command” in group “Session”
** Message: 13:16:18.601: settings.vala:540: Key file does not have key “pdf_reader/command” in group “Session”
** Message: 13:16:18.601: settings.vala:540: Key file does not have key “video_player/command” in group “Session”
** Message: 13:16:18.601: settings.vala:540: Key file does not have key “audio_player/command” in group “Session”
** Message: 13:16:18.601: settings.vala:540: Key file does not have key “images_display/command” in group “Session”
** Message: 13:16:18.601: settings.vala:540: Key file does not have key “text_editor/command” in group “Session”
** Message: 13:16:18.601: settings.vala:540: Key file does not have key “archive/command” in group “Session”
** Message: 13:16:18.601: settings.vala:540: Key file does not have key “charmap/command” in group “Session”
** Message: 13:16:18.602: settings.vala:540: Key file does not have key “calculator/command” in group “Session”
** Message: 13:16:18.602: settings.vala:540: Key file does not have key “spreadsheet/command” in group “Session”
** Message: 13:16:18.602: settings.vala:540: Key file does not have key “bittorent/command” in group “Session”
** Message: 13:16:18.602: settings.vala:540: Key file does not have key “document/command” in group “Session”
** Message: 13:16:18.602: settings.vala:540: Key file does not have key “webcam/command” in group “Session”
** Message: 13:16:18.602: settings.vala:540: Key file does not have key “burn/command” in group “Session”
** Message: 13:16:18.602: settings.vala:540: Key file does not have key “notes/command” in group “Session”
** Message: 13:16:18.603: settings.vala:540: Key file does not have key “disk_utility/command” in group “Session”
** Message: 13:16:18.603: settings.vala:540: Key file does not have key “tasks/command” in group “Session”
** Message: 13:16:18.603: settings.vala:540: Key file does not have group “Keymap”
** Message: 13:16:18.603: settings.vala:540: Key file does not have key “laptop_mode” in group “State”
** Message: 13:16:18.603: settings.vala:540: Key file does not have key “gnome” in group “Dbus”
** Message: 13:16:18.603: settings.vala:540: Key file does not have key “type” in group “Environment”
** Message: 13:16:18.603: settings.vala:540: Key file does not have key “ubuntu_menuproxy” in group “Environment”
** Message: 13:16:18.604: settings.vala:540: Key file does not have key “toolkit_integration” in group “Environment”
** Message: 13:16:18.604: settings.vala:540: Key file does not have key “gtk/overlay_scrollbar_disable” in group “Environment”
** Message: 13:16:18.604: settings.vala:540: Key file does not have key “qt/force_theme” in group “Environment”
** Message: 13:16:18.604: settings.vala:540: Key file does not have key “qt/platform” in group “Environment”
** Message: 13:16:18.606: settings.vala:462: Monitoring: /etc/xdg/lxsession/LXDE-pi/desktop.conf
** Message: 13:16:18.607: settings.vala:470: Desktop file is not in config home, monitoring creation of it
** Message: 13:16:18.607: settings.vala:485: Monitoring home path: /home/pi/.config/lxsession/LXDE-pi/desktop.conf
** Message: 13:16:18.608: environement.vala:79: Exporting variable
** Message: 13:16:18.608: environement.vala:80: desktop_environnement XDG_CURRENT_DESKTOP
** Message: 13:16:18.608: environement.vala:177: custom_config :
** Message: 13:16:18.608: environement.vala:178: config_dirs :/etc/xdg
** Message: 13:16:18.608: environement.vala:179: confir_dirs not null, export : /etc/xdg
** Message: 13:16:18.608: environement.vala:184: Exporting XDG_CONFIG_DIRS
** Message: 13:16:18.608: environement.vala:218: custom_data :
** Message: 13:16:18.608: environement.vala:219: data_dirs :/usr/local/share:/usr/share/raspi-ui-overrides:/usr/share:/usr/share/gdm:/var/lib/menu-xdg
** Message: 13:16:18.608: environement.vala:220: data_dirs not null, export : /usr/local/share:/usr/share/raspi-ui-overrides:/usr/share:/usr/share/gdm:/var/lib/menu-xdg
** Message: 13:16:18.608: environement.vala:225: Exporting XDG_DATA_DIRS
** Message: 13:16:18.609: utils.vala:39: Config system location : /etc/xdg/lxsession/LXDE-pi
** Message: 13:16:18.609: utils.vala:45: System system path location : /etc/xdg/lxsession/LXDE-pi/desktop.conf

** (lxsession:629): WARNING **: 13:16:18.610: utils.vala:70: No such file or directory
** Message: 13:16:18.610: environement.vala:254: No entry in [Environment_variable]. Key file does not have group “Environment_variable”
** Message: 13:16:18.620: utils.vala:138: Config system location : /etc/xdg/lxsession/LXDE-pi
** Message: 13:16:18.622: utils.vala:144: System system path location : /etc/xdg/lxsession/LXDE-pi/conffiles.conf
** Message: 13:16:18.622: utils.vala:148: Final file used : /etc/xdg/lxsession/LXDE-pi/conffiles.conf
** Message: 13:16:18.623: options.vala:164: Activate xsettings_manager build-in
** Message: 13:16:18.623: utils.vala:39: Config system location : /etc/xdg/lxsession/LXDE-pi
** Message: 13:16:18.623: utils.vala:45: System system path location : /etc/xdg/lxsession/LXDE-pi/desktop.conf

** (lxsession:629): WARNING **: 13:16:18.631: utils.vala:70: No such file or directory
xprop:  no such property "_NET_NUMBER_OF_DESKTOPS"
xprop:  no such property "_NET_DESKTOP_NAMES"
** Message: 13:16:18.706: app.vala:721: polkit separate
** Message: 13:16:18.707: app.vala:721: polkit separate
** Message: 13:16:18.732: app.vala:76: Launching lxpolkit 
** Message: 13:16:18.732: utils.vala:138: Config system location : /etc/xdg/lxsession/LXDE-pi
** Message: 13:16:18.733: utils.vala:144: System system path location : /etc/xdg/lxsession/LXDE-pi/autostart
** Message: 13:16:18.733: utils.vala:148: Final file used : /etc/xdg/lxsession/LXDE-pi/autostart
** Message: 13:16:18.733: autostart.vala:42: Autostart path : /etc/xdg/lxsession/LXDE-pi/autostart
** Message: 13:16:18.756: app.vala:76: Launching lxpanel 
** Message: 13:16:18.784: app.vala:76: Launching pcmanfm 

** (lxsession:629): WARNING **: 13:16:18.810: app.vala:86: Failed to execute child process “xscreensaver” (No such file or directory)

** (lxsession:629): WARNING **: 13:16:18.810: app.vala:87: Error when launching xscreensaver
** Message: 13:16:18.827: options.vala:107: Create build-in Clipboard
** Message: 13:16:18.832: main.vala:441: Check keymap_mode (null)
** Message: 13:16:18.843: app.vala:76: Launching /usr/bin/ssh-agent 
SSH_AUTH_SOCK=/tmp/ssh-P0JeNbZuMbl9/agent.704; export SSH_AUTH_SOCK;
SSH_AGENT_PID=706; export SSH_AGENT_PID;
echo Agent pid 706;
** Message: 13:16:19.149: app.vala:130: /usr/bin/ssh-agent exit with this type of exit: 0
** Message: 13:16:19.283: x-terminal-emulator has very limited support, consider choose another terminal
** Message: 13:16:19.379: x-terminal-emulator has very limited support, consider choose another terminal
grep: /home/pi/.config/lxpanel/LXDE-pi/panels/*: No such file or directory
Openbox-Message: Unable to find a valid menu file "/usr/share/lxde/openbox/menu.xml"
** Message: 13:16:23.638: Connecting ...
** Message: 13:16:23.638: Status changed to down
xrandr: Failed to get size of gamma for output default
Unit pt-device-manager.service could not be found.

** (lxpanel:698): WARNING **: 13:16:24.043: Battery 0 not found

(lxpanel:698): Gtk-CRITICAL **: 13:16:24.877: IA__gtk_image_set_from_pixbuf: assertion 'GTK_IS_IMAGE (image)' failed
** Message: 13:16:24.887: Status changed to opened
** Message: 13:16:24.887: Connected to dhcpcd-8.1.2
** Message: 13:16:24.890: Status changed to disconnected
** Message: 13:16:24.890: eth0: Link is down
** Message: 13:16:24.891: wlan0: Not associated
** Message: 13:16:24.896: wlan0: WPA status connected
** Message: 13:16:24.897: wlan0: Received scan results
OK
** Message: 13:17:24.252: wlan0: Received scan results
** Message: 13:17:48.512: wlan0: Received scan results
** Message: 13:17:49.355: wlan0: Associated with Bricks
** Message: 13:17:49.451: Status changed to connecting
** Message: 13:17:58.856: wlan0: Configured 10.0.0.72/24
** Message: 13:17:58.857: Status changed to connected
** Message: 13:18:02.214: wlan0: Configured 2601:c2:8281:92d0::91b3/128
** Message: 13:18:24.371: wlan0: Received scan results
Removed /etc/systemd/system/default.target.
Created symlink /etc/systemd/system/default.target → /lib/systemd/system/multi-user.target.
PolicyKit daemon disconnected from the bus.
We are no longer a registered authentication agent.
pcmanfm: Fatal IO error 4 (Interrupted system call) on X server :0.
XIO:  fatal IO error 4 (Interrupted system call) on X server ":0"
      after 13773 requests (13773 known processed) with 1 events remaining.
